

Processing ApplicationController#index (for 127.0.0.1 at 2009-03-28 18:51:34) [GET]

ActionController::RoutingError (No route matches "/" with {:method=>:get}):
  

Rendering rescues/layout (not_found)


Processing ChatsController#show (for 127.0.0.1 at 2009-03-28 18:51:45) [GET]
  Parameters: {"id"=>"1"}
Rendering chats/show

ActionView::TemplateError (undefined local variable or method `orbited_javascript' for #<ActionView::Base:0x252ef70>) on line #4 of app/views/chats/show.html.erb:
1: <html>
2: <head>
3:  <%= javascript_include_tag :defaults %>
4:  <%= orbited_javascript %>
5:  <script>
6:  onload = function() {
7:  // set up shell.

    app/views/chats/show.html.erb:4

Rendered rescues/_trace (130.6ms)
Rendered rescues/_request_and_response (1.4ms)
Rendering rescues/layout (internal_server_error)


Processing ChatsController#show (for 127.0.0.1 at 2009-03-28 18:51:56) [GET]
  Parameters: {"id"=>"1"}
Rendering chats/show

ActionView::TemplateError (uninitialized constant ApplicationHelper::APP_SETTINGS) on line #4 of app/views/chats/show.html.erb:
1: <html>
2: <head>
3:  <%= javascript_include_tag :defaults %>
4:  <%= orbited_javascript %>
5:  <script>
6:  onload = function() {
7:  // set up shell.

    app/helpers/application_helper.rb:5:in `orbited_javascript'
    app/views/chats/show.html.erb:4

Rendered rescues/_trace (46.3ms)
Rendered rescues/_request_and_response (0.3ms)
Rendering rescues/layout (internal_server_error)


Processing ChatsController#show (for 127.0.0.1 at 2009-03-28 18:52:36) [GET]
  Parameters: {"id"=>"1"}
Rendering chats/show
Completed in 3ms (View: 2, DB: 0) | 200 OK [http://localhost/chats/1]


Processing ApplicationController#index (for 127.0.0.1 at 2009-03-28 18:52:42) [GET]

ActionController::RoutingError (No route matches "/login" with {:method=>:get}):
  

Rendering rescues/layout (not_found)


Processing ChatsController#show (for 127.0.0.1 at 2009-03-28 18:52:44) [GET]
  Parameters: {"id"=>"1"}
Rendering chats/show
Completed in 3ms (View: 2, DB: 0) | 200 OK [http://localhost/chats/1]


Processing ApplicationController#index (for 127.0.0.1 at 2009-03-28 18:52:48) [POST]
  Parameters: {"commit"=>"Say", "authenticity_token"=>"Xa86lulO3JG2osztcfzv5jm6V7E/Zr+nRG2IYfFeTUs=", "chat_input"=>"hello", "channel"=>"CHANNEL_1", "_"=>""}

ActionController::RoutingError (No route matches "/chat/send_data" with {:method=>:post}):
  

Rendering rescues/layout (not_found)


Processing ChatsController#show (for 127.0.0.1 at 2009-03-28 18:54:58) [GET]
  Parameters: {"id"=>"1"}
Rendering chats/show
Completed in 8ms (View: 6, DB: 0) | 200 OK [http://localhost/chats/1]


Processing MessagesController#push (for 127.0.0.1 at 2009-03-28 18:55:03) [POST]
  Parameters: {"commit"=>"Say", "authenticity_token"=>"Xa86lulO3JG2osztcfzv5jm6V7E/Zr+nRG2IYfFeTUs=", "chat_input"=>"hello", "channel"=>"CHANNEL_1", "_"=>""}
Completed in 34ms (View: 0, DB: 0) | 200 OK [http://localhost/push]


Processing ChatsController#show (for 127.0.0.1 at 2009-03-28 18:55:19) [GET]
  Parameters: {"id"=>"1"}
Rendering chats/show
Completed in 11ms (View: 9, DB: 0) | 200 OK [http://localhost/chats/1]


Processing ChatsController#show (for 127.0.0.1 at 2009-03-28 18:55:55) [GET]
  Parameters: {"id"=>"1"}
Rendering chats/show
Completed in 5ms (View: 2, DB: 0) | 200 OK [http://igc.dev/chats/1]


Processing ChatsController#show (for 127.0.0.1 at 2009-03-28 18:56:03) [GET]
  Parameters: {"id"=>"1"}
Rendering chats/show
Completed in 5ms (View: 3, DB: 0) | 200 OK [http://igc.dev/chats/1]


Processing ChatsController#show (for 127.0.0.1 at 2009-03-28 18:56:27) [GET]
  Parameters: {"id"=>"1"}
Rendering chats/show
Completed in 4ms (View: 2, DB: 0) | 200 OK [http://igc.dev/chats/1]


Processing ChatsController#show (for 127.0.0.1 at 2009-03-28 18:56:35) [GET]
  Parameters: {"id"=>"1"}
Rendering chats/show
Completed in 3ms (View: 1, DB: 0) | 200 OK [http://igc.dev/chats/1]


Processing ChatsController#show (for 127.0.0.1 at 2009-03-28 18:57:30) [GET]
  Parameters: {"id"=>"1"}
Rendering chats/show
Completed in 11ms (View: 9, DB: 0) | 200 OK [http://igc.dev/chats/1]


Processing ChatsController#show (for 127.0.0.1 at 2009-03-28 18:58:12) [GET]
  Parameters: {"id"=>"1"}
Rendering chats/show
Completed in 3ms (View: 2, DB: 0) | 200 OK [http://igc.dev/chats/1]


Processing ChatsController#show (for 127.0.0.1 at 2009-03-28 19:01:32) [GET]
  Parameters: {"id"=>"1"}
Rendering chats/show
Completed in 3ms (View: 1, DB: 0) | 200 OK [http://igc.dev/chats/1]


Processing ChatsController#show (for 127.0.0.1 at 2009-03-28 19:01:42) [GET]
  Parameters: {"id"=>"1"}
Rendering chats/show
Completed in 4ms (View: 2, DB: 0) | 200 OK [http://igc.dev/chats/1]


Processing MessagesController#push (for 127.0.0.1 at 2009-03-28 19:01:50) [POST]
  Parameters: {"commit"=>"Say", "authenticity_token"=>"23Q7SkwUK3U0MqZrLptOBmU895usUrlWayTZfmf6+rA=", "chat_input"=>"hello", "channel"=>"CHANNEL_1"}
Completed in 37ms (View: 0, DB: 0) | 200 OK [http://igc.dev/push]


Processing MessagesController#push (for 127.0.0.1 at 2009-03-28 19:01:55) [POST]
  Parameters: {"commit"=>"Say", "authenticity_token"=>"23Q7SkwUK3U0MqZrLptOBmU895usUrlWayTZfmf6+rA=", "chat_input"=>"he", "channel"=>"CHANNEL_1"}
Completed in 6ms (View: 0, DB: 0) | 200 OK [http://igc.dev/push]


Processing ChatsController#show (for 127.0.0.1 at 2009-03-28 19:04:48) [GET]
  Parameters: {"id"=>"1"}
Rendering chats/show
Completed in 15ms (View: 14, DB: 0) | 200 OK [http://phander.ru_dev/chats/1]


Processing ChatsController#show (for 127.0.0.1 at 2009-03-28 19:04:55) [GET]
  Parameters: {"id"=>"1"}
Rendering chats/show
Completed in 6ms (View: 2, DB: 0) | 200 OK [http://phander.ru_dev/chats/1]


Processing ChatsController#show (for 127.0.0.1 at 2009-03-28 19:04:55) [GET]
  Parameters: {"id"=>"1"}
Rendering chats/show
Completed in 4ms (View: 2, DB: 0) | 200 OK [http://phander.ru_dev/chats/1]


Processing ChatsController#show (for 127.0.0.1 at 2009-03-28 19:05:46) [GET]
  Parameters: {"id"=>"1"}
Rendering chats/show
Completed in 3ms (View: 1, DB: 0) | 200 OK [http://phander.ru_dev/chats/1]


Processing ChatsController#show (for 127.0.0.1 at 2009-03-28 19:07:16) [GET]
  Parameters: {"id"=>"1"}
Rendering chats/show
Completed in 3ms (View: 1, DB: 0) | 200 OK [http://www.yazsoft.com/chats/1]


Processing ChatsController#show (for 127.0.0.1 at 2009-03-28 19:07:17) [GET]
  Parameters: {"id"=>"1"}
Rendering chats/show
Completed in 4ms (View: 2, DB: 0) | 200 OK [http://www.yazsoft.com/chats/1]


Processing ChatsController#show (for 127.0.0.1 at 2009-03-28 19:07:23) [GET]
  Parameters: {"id"=>"1"}
Rendering chats/show
Completed in 4ms (View: 3, DB: 0) | 200 OK [http://www.yazsoft.com/chats/1]


Processing ChatsController#show (for 127.0.0.1 at 2009-03-28 19:07:23) [GET]
  Parameters: {"id"=>"1"}
Rendering chats/show
Completed in 3ms (View: 1, DB: 0) | 200 OK [http://www.yazsoft.com/chats/1]


Processing ChatsController#show (for 127.0.0.1 at 2009-03-28 19:07:31) [GET]
  Parameters: {"id"=>"1"}
Rendering chats/show
Completed in 3ms (View: 2, DB: 0) | 200 OK [http://www.yazsoft.com/chats/1]


Processing ChatsController#show (for 127.0.0.1 at 2009-03-28 19:12:17) [GET]
  Parameters: {"id"=>"1"}
Rendering chats/show
Completed in 7ms (View: 5, DB: 0) | 200 OK [http://www.yazsoft.com/chats/1]


Processing ChatsController#show (for 127.0.0.1 at 2009-03-28 19:12:36) [GET]
  Parameters: {"id"=>"1"}
Rendering chats/show
Completed in 6ms (View: 5, DB: 0) | 200 OK [http://www.yazsoft.com/chats/1]


Processing ChatsController#show (for 127.0.0.1 at 2009-03-28 19:13:10) [GET]
  Parameters: {"id"=>"1"}
Rendering chats/show
Completed in 3ms (View: 1, DB: 0) | 200 OK [http://www.yazsoft.com/chats/1]


Processing ChatsController#show (for 127.0.0.1 at 2009-03-28 19:13:17) [GET]
  Parameters: {"id"=>"1"}
Rendering chats/show
Completed in 3ms (View: 2, DB: 0) | 200 OK [http://www.yazsoft.com/chats/1]


Processing ChatsController#show (for 127.0.0.1 at 2009-03-28 19:15:31) [GET]
  Parameters: {"id"=>"1"}
Rendering chats/show
Completed in 4ms (View: 2, DB: 0) | 200 OK [http://www.yazsoft.com/chats/1]


Processing ChatsController#show (for 127.0.0.1 at 2009-03-28 19:15:31) [GET]
  Parameters: {"id"=>"1"}
Rendering chats/show
Completed in 3ms (View: 2, DB: 0) | 200 OK [http://www.yazsoft.com/chats/1]


Processing ChatsController#show (for 127.0.0.1 at 2009-03-28 19:17:59) [GET]
  Parameters: {"id"=>"1"}
Rendering chats/show
Completed in 3ms (View: 2, DB: 0) | 200 OK [http://www.yazsoft.com/chats/1]


Processing ChatsController#show (for 127.0.0.1 at 2009-03-28 19:19:10) [GET]
  Parameters: {"id"=>"1"}
Rendering chats/show
Completed in 3ms (View: 2, DB: 0) | 200 OK [http://www.yazsoft.com/chats/1]


Processing ChatsController#show (for 127.0.0.1 at 2009-03-28 19:21:32) [GET]
  Parameters: {"id"=>"1"}
Rendering chats/show
Completed in 3ms (View: 1, DB: 0) | 200 OK [http://www.yazsoft.com/chats/1]


Processing ChatsController#show (for 127.0.0.1 at 2009-03-28 19:22:22) [GET]
  Parameters: {"id"=>"1"}
Rendering chats/show
Completed in 4ms (View: 2, DB: 0) | 200 OK [http://www.yazsoft.com/chats/1]


Processing ChatsController#show (for 127.0.0.1 at 2009-03-28 19:22:23) [GET]
  Parameters: {"id"=>"1"}
Rendering chats/show
Completed in 3ms (View: 1, DB: 0) | 200 OK [http://www.yazsoft.com/chats/1]


Processing ChatsController#show (for 127.0.0.1 at 2009-03-28 19:22:40) [GET]
  Parameters: {"id"=>"1"}
Rendering chats/show
Completed in 3ms (View: 1, DB: 0) | 200 OK [http://www.yazsoft.com/chats/1]


Processing ChatsController#show (for 127.0.0.1 at 2009-03-28 19:22:56) [GET]
  Parameters: {"id"=>"1"}
Rendering chats/show
Completed in 3ms (View: 2, DB: 0) | 200 OK [http://www.yazsoft.com/chats/1]


Processing ChatsController#show (for 127.0.0.1 at 2009-03-28 19:23:20) [GET]
  Parameters: {"id"=>"1"}
Rendering chats/show
Completed in 6ms (View: 4, DB: 0) | 200 OK [http://www.yazsoft.com/chats/1]


Processing ChatsController#show (for 127.0.0.1 at 2009-03-28 19:27:38) [GET]
  Parameters: {"id"=>"1"}
Rendering chats/show
Completed in 7ms (View: 5, DB: 0) | 200 OK [http://www.yazsoft.com/chats/1]


Processing ChatsController#show (for 127.0.0.1 at 2009-03-28 19:28:01) [GET]
  Parameters: {"id"=>"1"}
Rendering chats/show
Completed in 4ms (View: 2, DB: 0) | 200 OK [http://www.yazsoft.com/chats/1]


Processing ChatsController#show (for 127.0.0.1 at 2009-03-28 19:33:43) [GET]
  Parameters: {"id"=>"1"}
Rendering chats/show
Completed in 3ms (View: 2, DB: 0) | 200 OK [http://www.yazsoft.com/chats/1]


Processing ChatsController#show (for 127.0.0.1 at 2009-03-28 19:33:56) [GET]
  Parameters: {"id"=>"1"}
Rendering chats/show
Completed in 4ms (View: 2, DB: 0) | 200 OK [http://igc.dev/chats/1]


Processing ChatsController#show (for 127.0.0.1 at 2009-03-28 19:34:00) [GET]
  Parameters: {"id"=>"1"}
Rendering chats/show
Completed in 3ms (View: 2, DB: 0) | 200 OK [http://igc.dev/chats/1]


Processing ChatsController#show (for 127.0.0.1 at 2009-03-28 19:34:45) [GET]
  Parameters: {"id"=>"1"}
Rendering chats/show
Completed in 3ms (View: 2, DB: 0) | 200 OK [http://igc.dev/chats/1]


Processing ChatsController#show (for 127.0.0.1 at 2009-03-28 19:35:29) [GET]
  Parameters: {"id"=>"1"}
Rendering chats/show
Completed in 6ms (View: 4, DB: 0) | 200 OK [http://igc.dev/chats/1]


Processing ChatsController#show (for 127.0.0.1 at 2009-03-28 19:36:00) [GET]
  Parameters: {"id"=>"1"}
Rendering chats/show
Completed in 3ms (View: 2, DB: 0) | 200 OK [http://localhost/chats/1]


Processing ChatsController#show (for 127.0.0.1 at 2009-03-28 19:36:17) [GET]
  Parameters: {"id"=>"1"}
Rendering chats/show
Completed in 3ms (View: 2, DB: 0) | 200 OK [http://localhost/chats/1]


Processing ChatsController#show (for 127.0.0.1 at 2009-03-28 19:36:23) [GET]
  Parameters: {"id"=>"1"}
Rendering chats/show
Completed in 10ms (View: 8, DB: 0) | 200 OK [http://localhost/chats/1]


Processing MessagesController#push (for 127.0.0.1 at 2009-03-28 19:36:27) [POST]
  Parameters: {"commit"=>"Say", "authenticity_token"=>"JYpicOSYUeO3rmRAVjRSJ2Yzr6NFhf6U0qp3LE7C7UM=", "chat_input"=>"hello", "channel"=>"CHANNEL_1"}
Completed in 33ms (View: 0, DB: 0) | 200 OK [http://localhost/push]


Processing MessagesController#push (for 127.0.0.1 at 2009-03-28 19:36:33) [POST]
  Parameters: {"commit"=>"Say", "authenticity_token"=>"JYpicOSYUeO3rmRAVjRSJ2Yzr6NFhf6U0qp3LE7C7UM=", "chat_input"=>"hello", "channel"=>"CHANNEL_1"}
Completed in 5ms (View: 0, DB: 0) | 200 OK [http://localhost/push]


Processing MessagesController#push (for 127.0.0.1 at 2009-03-28 19:36:40) [POST]
  Parameters: {"commit"=>"Say", "authenticity_token"=>"JYpicOSYUeO3rmRAVjRSJ2Yzr6NFhf6U0qp3LE7C7UM=", "chat_input"=>"hi", "channel"=>"CHANNEL_1"}
Completed in 6ms (View: 0, DB: 0) | 200 OK [http://localhost/push]


Processing ChatsController#show (for 127.0.0.1 at 2009-03-28 19:37:10) [GET]
  Parameters: {"id"=>"1"}
Rendering chats/show
Completed in 7ms (View: 5, DB: 0) | 200 OK [http://localhost/chats/1]


Processing ChatsController#show (for 127.0.0.1 at 2009-03-28 19:37:38) [GET]
  Parameters: {"id"=>"1"}
Rendering chats/show
Completed in 5ms (View: 3, DB: 0) | 200 OK [http://igc.dev/chats/1]
/!\ FAILSAFE /!\  Sat Mar 28 19:38:24 +0800 2009
  Status: 500 Internal Server Error
  /Users/andrew/Develop/projects/defero/app/helpers/application_helper.rb:6: syntax error, unexpected tSTRING_BEG, expecting ']'
    "<script src=\"http://#{ConfigO...
     ^
/Users/andrew/Develop/projects/defero/app/helpers/application_helper.rb:6: syntax error, unexpected ',', expecting kEND
/Users/andrew/Develop/projects/defero/app/helpers/application_helper.rb:7: syntax error, unexpected ',', expecting kEND
/Users/andrew/Develop/projects/defero/app/helpers/application_helper.rb:8: syntax error, unexpected ',', expecting kEND
/Users/andrew/Develop/projects/defero/app/helpers/application_helper.rb:9: syntax error, unexpected ',', expecting kEND
/Users/andrew/Develop/projects/defero/app/helpers/application_helper.rb:10: syntax error, unexpected ',', expecting kEND
/Users/andrew/Develop/projects/defero/app/helpers/application_helper.rb:11: syntax error, unexpected ',', expecting kEND
/Users/andrew/Develop/projects/defero/app/helpers/application_helper.rb:12: syntax error, unexpected ',', expecting kEND
/Users/andrew/Develop/projects/defero/app/helpers/application_helper.rb:14: syntax error, unexpected ']', expecting kEND
    ].join("\n")
     ^
    /Users/andrew/.gem/ruby/1.8/gems/activesupport-2.3.2/lib/active_support/dependencies.rb:380:in `load_without_new_constant_marking'
    /Users/andrew/.gem/ruby/1.8/gems/activesupport-2.3.2/lib/active_support/dependencies.rb:380:in `load_file'
    /Users/andrew/.gem/ruby/1.8/gems/activesupport-2.3.2/lib/active_support/dependencies.rb:521:in `new_constants_in'
    /Users/andrew/.gem/ruby/1.8/gems/activesupport-2.3.2/lib/active_support/dependencies.rb:379:in `load_file'
    /Users/andrew/.gem/ruby/1.8/gems/activesupport-2.3.2/lib/active_support/dependencies.rb:259:in `require_or_load'
    /Users/andrew/.gem/ruby/1.8/gems/activesupport-2.3.2/lib/active_support/dependencies.rb:224:in `depend_on'
    /Users/andrew/.gem/ruby/1.8/gems/activesupport-2.3.2/lib/active_support/dependencies.rb:136:in `require_dependency'
    /Users/andrew/.gem/ruby/1.8/gems/actionpack-2.3.2/lib/action_controller/helpers.rb:197:in `default_helper_module!'
    /Users/andrew/.gem/ruby/1.8/gems/actionpack-2.3.2/lib/action_controller/helpers.rb:212:in `__send__'
    /Users/andrew/.gem/ruby/1.8/gems/actionpack-2.3.2/lib/action_controller/helpers.rb:212:in `inherited'
    /Users/andrew/Develop/projects/defero/app/controllers/application_controller.rb:4
    /Users/andrew/.gem/ruby/1.8/gems/activesupport-2.3.2/lib/active_support/dependencies.rb:380:in `load_without_new_constant_marking'
    /Users/andrew/.gem/ruby/1.8/gems/activesupport-2.3.2/lib/active_support/dependencies.rb:380:in `load_file'
    /Users/andrew/.gem/ruby/1.8/gems/activesupport-2.3.2/lib/active_support/dependencies.rb:521:in `new_constants_in'
    /Users/andrew/.gem/ruby/1.8/gems/activesupport-2.3.2/lib/active_support/dependencies.rb:379:in `load_file'
    /Users/andrew/.gem/ruby/1.8/gems/activesupport-2.3.2/lib/active_support/dependencies.rb:259:in `require_or_load'
    /Users/andrew/.gem/ruby/1.8/gems/activesupport-2.3.2/lib/active_support/dependencies.rb:425:in `load_missing_constant'
    /Users/andrew/.gem/ruby/1.8/gems/activesupport-2.3.2/lib/active_support/dependencies.rb:80:in `const_missing'
    /Users/andrew/.gem/ruby/1.8/gems/activesupport-2.3.2/lib/active_support/dependencies.rb:92:in `const_missing'
    /Users/andrew/.gem/ruby/1.8/gems/actionpack-2.3.2/lib/action_controller/dispatcher.rb:90:in `dispatch'
    /Users/andrew/.gem/ruby/1.8/gems/actionpack-2.3.2/lib/action_controller/dispatcher.rb:111:in `_call'
    /Users/andrew/.gem/ruby/1.8/gems/actionpack-2.3.2/lib/action_controller/dispatcher.rb:82:in `initialize'
    /Users/andrew/.gem/ruby/1.8/gems/activerecord-2.3.2/lib/active_record/query_cache.rb:29:in `call'
    /Users/andrew/.gem/ruby/1.8/gems/activerecord-2.3.2/lib/active_record/query_cache.rb:29:in `call'
    /Users/andrew/.gem/ruby/1.8/gems/activerecord-2.3.2/lib/active_record/connection_adapters/abstract/query_cache.rb:34:in `cache'
    /Users/andrew/.gem/ruby/1.8/gems/activerecord-2.3.2/lib/active_record/query_cache.rb:9:in `cache'
    /Users/andrew/.gem/ruby/1.8/gems/activerecord-2.3.2/lib/active_record/query_cache.rb:28:in `call'
    /Users/andrew/.gem/ruby/1.8/gems/activerecord-2.3.2/lib/active_record/connection_adapters/abstract/connection_pool.rb:361:in `call'
    /Users/andrew/.gem/ruby/1.8/gems/actionpack-2.3.2/lib/action_controller/vendor/rack-1.0/rack/head.rb:9:in `call'
    /Users/andrew/.gem/ruby/1.8/gems/actionpack-2.3.2/lib/action_controller/vendor/rack-1.0/rack/methodoverride.rb:24:in `call'
    /Users/andrew/.gem/ruby/1.8/gems/actionpack-2.3.2/lib/action_controller/params_parser.rb:15:in `call'
    /Users/andrew/.gem/ruby/1.8/gems/actionpack-2.3.2/lib/action_controller/rewindable_input.rb:25:in `call'
    /Users/andrew/.gem/ruby/1.8/gems/actionpack-2.3.2/lib/action_controller/session/cookie_store.rb:93:in `call'
    /Users/andrew/.gem/ruby/1.8/gems/actionpack-2.3.2/lib/action_controller/reloader.rb:9:in `call'
    /Users/andrew/.gem/ruby/1.8/gems/actionpack-2.3.2/lib/action_controller/failsafe.rb:11:in `call'
    /Users/andrew/.gem/ruby/1.8/gems/actionpack-2.3.2/lib/action_controller/vendor/rack-1.0/rack/lock.rb:11:in `call'
    /Users/andrew/.gem/ruby/1.8/gems/actionpack-2.3.2/lib/action_controller/vendor/rack-1.0/rack/lock.rb:11:in `synchronize'
    /Users/andrew/.gem/ruby/1.8/gems/actionpack-2.3.2/lib/action_controller/vendor/rack-1.0/rack/lock.rb:11:in `call'
    /Users/andrew/.gem/ruby/1.8/gems/actionpack-2.3.2/lib/action_controller/dispatcher.rb:106:in `call'
    /Users/andrew/.gem/ruby/1.8/gems/rails-2.3.2/lib/rails/rack/static.rb:31:in `call'
    /Users/andrew/.gem/ruby/1.8/gems/actionpack-2.3.2/lib/action_controller/vendor/rack-1.0/rack/urlmap.rb:46:in `call'
    /Users/andrew/.gem/ruby/1.8/gems/actionpack-2.3.2/lib/action_controller/vendor/rack-1.0/rack/urlmap.rb:40:in `each'
    /Users/andrew/.gem/ruby/1.8/gems/actionpack-2.3.2/lib/action_controller/vendor/rack-1.0/rack/urlmap.rb:40:in `call'
    /Users/andrew/.gem/ruby/1.8/gems/rails-2.3.2/lib/rails/rack/log_tailer.rb:17:in `call'
    /Users/andrew/.gem/ruby/1.8/gems/actionpack-2.3.2/lib/action_controller/vendor/rack-1.0/rack/content_length.rb:13:in `call'
    /Users/andrew/.gem/ruby/1.8/gems/actionpack-2.3.2/lib/action_controller/vendor/rack-1.0/rack/chunked.rb:15:in `call'
    /Users/andrew/.gem/ruby/1.8/gems/actionpack-2.3.2/lib/action_controller/vendor/rack-1.0/rack/handler/mongrel.rb:61:in `process'
    /opt/local/lib/ruby/gems/1.8/gems/mongrel-1.1.5/lib/mongrel.rb:159:in `process_client'
    /opt/local/lib/ruby/gems/1.8/gems/mongrel-1.1.5/lib/mongrel.rb:158:in `each'
    /opt/local/lib/ruby/gems/1.8/gems/mongrel-1.1.5/lib/mongrel.rb:158:in `process_client'
    /opt/local/lib/ruby/gems/1.8/gems/mongrel-1.1.5/lib/mongrel.rb:285:in `run'
    /opt/local/lib/ruby/gems/1.8/gems/mongrel-1.1.5/lib/mongrel.rb:285:in `initialize'
    /opt/local/lib/ruby/gems/1.8/gems/mongrel-1.1.5/lib/mongrel.rb:285:in `new'
    /opt/local/lib/ruby/gems/1.8/gems/mongrel-1.1.5/lib/mongrel.rb:285:in `run'
    /opt/local/lib/ruby/gems/1.8/gems/mongrel-1.1.5/lib/mongrel.rb:268:in `initialize'
    /opt/local/lib/ruby/gems/1.8/gems/mongrel-1.1.5/lib/mongrel.rb:268:in `new'
    /opt/local/lib/ruby/gems/1.8/gems/mongrel-1.1.5/lib/mongrel.rb:268:in `run'
    /Users/andrew/.gem/ruby/1.8/gems/actionpack-2.3.2/lib/action_controller/vendor/rack-1.0/rack/handler/mongrel.rb:34:in `run'
    /Users/andrew/.gem/ruby/1.8/gems/rails-2.3.2/lib/commands/server.rb:111
    /opt/local/lib/ruby/vendor_ruby/1.8/rubygems/custom_require.rb:31:in `gem_original_require'
    /opt/local/lib/ruby/vendor_ruby/1.8/rubygems/custom_require.rb:31:in `require'
    ./script/server:3


Processing ChatsController#show (for 127.0.0.1 at 2009-03-28 19:38:30) [GET]
  Parameters: {"id"=>"1"}
Rendering chats/show
Completed in 3ms (View: 1, DB: 0) | 200 OK [http://igc.dev/chats/1]


Processing ChatsController#show (for 127.0.0.1 at 2009-03-28 19:38:39) [GET]
  Parameters: {"id"=>"1"}
Rendering chats/show
Completed in 5ms (View: 3, DB: 0) | 200 OK [http://igc.dev/chats/1]


Processing ChatsController#show (for 127.0.0.1 at 2009-03-28 19:39:29) [GET]
  Parameters: {"id"=>"1"}
Rendering chats/show
Completed in 7ms (View: 5, DB: 0) | 200 OK [http://igc.dev/chats/1]


Processing ApplicationController#index (for 127.0.0.1 at 2009-03-29 21:04:52) [GET]

ActionController::RoutingError (No route matches "/" with {:method=>:get}):
  

Rendering rescues/layout (not_found)


Processing ApplicationController#index (for 127.0.0.1 at 2009-03-29 21:05:14) [GET]

ActionController::RoutingError (No route matches "/show/1" with {:method=>:get}):
  

Rendering rescues/layout (not_found)


Processing ApplicationController#index (for 127.0.0.1 at 2009-03-29 21:05:15) [GET]

ActionController::RoutingError (No route matches "/show/1" with {:method=>:get}):
  

Rendering rescues/layout (not_found)


Processing ApplicationController#index (for 127.0.0.1 at 2009-03-29 21:05:17) [GET]

ActionController::RoutingError (No route matches "/show/1" with {:method=>:get}):
  

Rendering rescues/layout (not_found)


Processing ChatsController#show (for 127.0.0.1 at 2009-03-29 21:05:23) [GET]
  Parameters: {"id"=>"1"}
Rendering chats/show
Completed in 78ms (View: 76, DB: 0) | 200 OK [http://igc.dev/chats/1]


Processing ChatsController#show (for 127.0.0.1 at 2009-03-29 21:05:33) [GET]
  Parameters: {"id"=>"1"}
Rendering chats/show
Completed in 4ms (View: 2, DB: 0) | 200 OK [http://igc.dev/chats/1]


Processing ChatsController#show (for 127.0.0.1 at 2009-03-29 21:07:02) [GET]
  Parameters: {"id"=>"1"}
Rendering chats/show
Completed in 6ms (View: 5, DB: 0) | 200 OK [http://igc.dev/chats/1]


Processing ChatsController#show (for 127.0.0.1 at 2009-03-29 21:07:20) [GET]
  Parameters: {"id"=>"1"}
Rendering chats/show
Completed in 7ms (View: 5, DB: 0) | 200 OK [http://igc.dev/chats/1]


Processing ChatsController#show (for 127.0.0.1 at 2009-03-29 21:07:47) [GET]
  Parameters: {"id"=>"1"}
Rendering chats/show
Completed in 7ms (View: 5, DB: 0) | 200 OK [http://igc.dev/chats/1]


Processing ChatsController#show (for 127.0.0.1 at 2009-03-29 21:08:23) [GET]
  Parameters: {"id"=>"1"}
Rendering chats/show
Completed in 4ms (View: 2, DB: 0) | 200 OK [http://igc.dev/chats/1]


Processing ApplicationController#index (for 127.0.0.1 at 2009-03-29 21:08:28) [GET]

ActionController::RoutingError (No route matches "/posts/best/daily.rss" with {:method=>:get}):
  

Rendering rescues/layout (not_found)


Processing ChatsController#show (for 127.0.0.1 at 2009-03-29 21:10:31) [GET]
  Parameters: {"id"=>"1"}
Rendering chats/show
Completed in 6ms (View: 5, DB: 0) | 200 OK [http://igc.dev/chats/1]


Processing ChatsController#show (for 127.0.0.1 at 2009-03-29 21:11:05) [GET]
  Parameters: {"id"=>"1"}
Rendering chats/show
Completed in 12ms (View: 2, DB: 0) | 200 OK [http://igc.dev/chats/1]


Processing ChatsController#show (for 127.0.0.1 at 2009-03-29 21:11:18) [GET]
  Parameters: {"id"=>"1"}
Rendering chats/show
Completed in 8ms (View: 7, DB: 0) | 200 OK [http://igc.dev/chats/1]


Processing ChatsController#show (for 127.0.0.1 at 2009-03-29 21:12:14) [GET]
  Parameters: {"id"=>"1"}
Rendering chats/show
Completed in 3ms (View: 1, DB: 0) | 200 OK [http://igc.dev/chats/1]


Processing ChatsController#show (for 127.0.0.1 at 2009-03-29 21:15:04) [GET]
  Parameters: {"id"=>"1"}
Rendering chats/show
Completed in 3ms (View: 1, DB: 0) | 200 OK [http://igc.dev/chats/1]


Processing ApplicationController#index (for 127.0.0.1 at 2009-03-29 21:18:02) [GET]

ActionController::RoutingError (No route matches "/" with {:method=>:get}):
  

Rendering rescues/layout (not_found)


Processing ChatsController#show (for 127.0.0.1 at 2009-03-29 21:19:41) [GET]
  Parameters: {"id"=>"1"}
Rendering chats/show
Completed in 5ms (View: 2, DB: 0) | 200 OK [http://igc.dev/chats/1]


Processing ChatsController#show (for 127.0.0.1 at 2009-03-29 21:20:28) [GET]
  Parameters: {"id"=>"1"}
Rendering chats/show
Completed in 8ms (View: 6, DB: 0) | 200 OK [http://igc.dev/chats/1]


Processing ChatsController#show (for 127.0.0.1 at 2009-03-29 21:20:29) [GET]
  Parameters: {"id"=>"1"}
Rendering chats/show
Completed in 3ms (View: 1, DB: 0) | 200 OK [http://igc.dev/chats/1]


Processing ChatsController#show (for 127.0.0.1 at 2009-03-29 21:20:40) [GET]
  Parameters: {"id"=>"1"}
Rendering chats/show
Completed in 3ms (View: 2, DB: 0) | 200 OK [http://igc.dev/chats/1]


Processing ChatsController#show (for 127.0.0.1 at 2009-03-29 21:22:30) [GET]
  Parameters: {"id"=>"1"}
Rendering chats/show
Completed in 3ms (View: 2, DB: 0) | 200 OK [http://igc.dev/chats/1]


Processing MessagesController#push (for 127.0.0.1 at 2009-03-29 21:22:53) [POST]
  Parameters: {"commit"=>"Say", "authenticity_token"=>"23Q7SkwUK3U0MqZrLptOBmU895usUrlWayTZfmf6+rA=", "chat_input"=>"asd", "channel"=>"CHANNEL_1"}
Completed in 34ms (View: 0, DB: 0) | 200 OK [http://igc.dev/push]


Processing MessagesController#push (for 127.0.0.1 at 2009-03-29 21:22:54) [POST]
  Parameters: {"commit"=>"Say", "authenticity_token"=>"23Q7SkwUK3U0MqZrLptOBmU895usUrlWayTZfmf6+rA=", "chat_input"=>"asd", "channel"=>"CHANNEL_1"}
Completed in 6ms (View: 0, DB: 0) | 200 OK [http://igc.dev/push]


Processing ChatsController#show (for 127.0.0.1 at 2009-03-29 21:23:19) [GET]
  Parameters: {"id"=>"1"}
Rendering chats/show
Completed in 3ms (View: 2, DB: 0) | 200 OK [http://phander.ru_dev/chats/1]


Processing ChatsController#show (for 127.0.0.1 at 2009-03-29 21:26:48) [GET]
  Parameters: {"id"=>"1"}
Rendering chats/show

ActionView::TemplateError (undefined local variable or method `nfigOrbited' for #<ActionView::Base:0x259133c>) on line #4 of app/views/chats/show.html.erb:
1: <html>
2: <head>
3: <script src="http://<%= ConfigOrbited[:host] %>:<%= ConfigOrbited[:port] %>/static/Orbited.js"></script>
4: <script src="http://Co<%= nfigOrbited[:host] %>:<%= ConfigOrbited[:port] %>/static/protocols/stomp/stomp.js"></script>
5: 
6: <script src="http://<%= ConfigOrbited[:host] %>:<%= ConfigOrbited[:port] %>/javascripts/scripts.js"></script>
7:  <%= javascript_include_tag :defaults %>

    app/views/chats/show.html.erb:4

Rendered rescues/_trace (111.5ms)
Rendered rescues/_request_and_response (1.5ms)
Rendering rescues/layout (internal_server_error)


Processing ChatsController#show (for 127.0.0.1 at 2009-03-29 21:27:22) [GET]
  Parameters: {"id"=>"1"}
Rendering chats/show
Completed in 6ms (View: 4, DB: 0) | 200 OK [http://phander.ru_dev/chats/1]


Processing ChatsController#show (for 127.0.0.1 at 2009-03-29 21:27:28) [GET]
  Parameters: {"id"=>"1"}
Rendering chats/show
Completed in 3ms (View: 2, DB: 0) | 200 OK [http://phander.ru_dev/chats/1]


Processing ChatsController#show (for 127.0.0.1 at 2009-03-29 21:27:42) [GET]
  Parameters: {"id"=>"1"}
Rendering chats/show
Completed in 7ms (View: 6, DB: 0) | 200 OK [http://phander.ru_dev/chats/1]


Processing ChatsController#show (for 127.0.0.1 at 2009-03-29 21:28:23) [GET]
  Parameters: {"id"=>"1"}
Rendering chats/show
Completed in 4ms (View: 3, DB: 0) | 200 OK [http://phander.ru_dev/chats/1]


Processing ChatsController#show (for 127.0.0.1 at 2009-03-29 21:28:44) [GET]
  Parameters: {"id"=>"1"}
Rendering chats/show
Completed in 7ms (View: 5, DB: 0) | 200 OK [http://phander.ru_dev/chats/1]


Processing ChatsController#show (for 127.0.0.1 at 2009-03-29 21:29:01) [GET]
  Parameters: {"id"=>"1"}
Rendering chats/show
Completed in 3ms (View: 2, DB: 0) | 200 OK [http://phander.ru_dev/chats/1]


Processing ApplicationController#index (for 127.0.0.1 at 2009-03-29 21:38:30) [GET]

ActionController::RoutingError (No route matches "/posts/best/daily.rss" with {:method=>:get}):
  

Rendering rescues/layout (not_found)


Processing ChatsController#show (for 127.0.0.1 at 2009-03-29 21:43:12) [GET]
  Parameters: {"id"=>"1"}
Rendering chats/show
Completed in 3ms (View: 2, DB: 0) | 200 OK [http://phander.ru_dev/chats/1]


Processing ApplicationController#index (for 127.0.0.1 at 2009-03-29 21:43:35) [GET]

ActionController::RoutingError (No route matches "/" with {:method=>:get}):
  

Rendering rescues/layout (not_found)


Processing ChatsController#show (for 127.0.0.1 at 2009-03-29 21:44:06) [GET]
  Parameters: {"id"=>"1"}
Rendering chats/show
Completed in 6ms (View: 5, DB: 0) | 200 OK [http://phander.ru_dev/chats/1]


Processing ChatsController#show (for 127.0.0.1 at 2009-03-29 21:49:28) [GET]
  Parameters: {"id"=>"1"}
Rendering chats/show
Completed in 4ms (View: 2, DB: 0) | 200 OK [http://igc.dev/chats/1]


Processing MessagesController#push (for 127.0.0.1 at 2009-03-29 21:49:31) [POST]
  Parameters: {"commit"=>"Say", "authenticity_token"=>"23Q7SkwUK3U0MqZrLptOBmU895usUrlWayTZfmf6+rA=", "chat_input"=>"фыв", "channel"=>"CHANNEL_1"}
Completed in 6ms (View: 0, DB: 0) | 200 OK [http://igc.dev/push]


Processing MessagesController#push (for 127.0.0.1 at 2009-03-29 21:49:34) [POST]
  Parameters: {"commit"=>"Say", "authenticity_token"=>"23Q7SkwUK3U0MqZrLptOBmU895usUrlWayTZfmf6+rA=", "chat_input"=>"asd", "channel"=>"CHANNEL_1"}
Completed in 5ms (View: 0, DB: 0) | 200 OK [http://igc.dev/push]


Processing MessagesController#push (for 127.0.0.1 at 2009-03-29 21:49:36) [POST]
  Parameters: {"commit"=>"Say", "authenticity_token"=>"23Q7SkwUK3U0MqZrLptOBmU895usUrlWayTZfmf6+rA=", "chat_input"=>"фыв", "channel"=>"CHANNEL_1"}
Completed in 5ms (View: 0, DB: 0) | 200 OK [http://igc.dev/push]


Processing MessagesController#push (for 127.0.0.1 at 2009-03-29 21:49:38) [POST]
  Parameters: {"commit"=>"Say", "authenticity_token"=>"23Q7SkwUK3U0MqZrLptOBmU895usUrlWayTZfmf6+rA=", "chat_input"=>"dsa", "channel"=>"CHANNEL_1"}
Completed in 5ms (View: 0, DB: 0) | 200 OK [http://igc.dev/push]


Processing ApplicationController#index (for 127.0.0.1 at 2009-03-29 22:08:32) [GET]

ActionController::RoutingError (No route matches "/posts/best/daily.rss" with {:method=>:get}):
  

Rendering rescues/layout (not_found)


Processing ApplicationController#index (for 127.0.0.1 at 2009-03-29 22:38:33) [GET]

ActionController::RoutingError (No route matches "/posts/best/daily.rss" with {:method=>:get}):
  

Rendering rescues/layout (not_found)


Processing ApplicationController#index (for 127.0.0.1 at 2009-03-29 23:08:36) [GET]

ActionController::RoutingError (No route matches "/posts/best/daily.rss" with {:method=>:get}):
  

Rendering rescues/layout (not_found)


Processing ApplicationController#index (for 127.0.0.1 at 2009-03-29 23:13:48) [GET]

ActionController::RoutingError (No route matches "/" with {:method=>:get}):
  

Rendering rescues/layout (not_found)


Processing ApplicationController#index (for 127.0.0.1 at 2009-03-29 23:15:19) [GET]

ActionController::RoutingError (No route matches "/" with {:method=>:get}):
  

Rendering rescues/layout (not_found)


Processing ApplicationController#index (for 127.0.0.1 at 2009-03-29 23:38:38) [GET]

ActionController::RoutingError (No route matches "/posts/best/daily.rss" with {:method=>:get}):
  

Rendering rescues/layout (not_found)


Processing ApplicationController#index (for 127.0.0.1 at 2009-03-30 00:08:40) [GET]

ActionController::RoutingError (No route matches "/posts/best/daily.rss" with {:method=>:get}):
  

Rendering rescues/layout (not_found)


Processing ApplicationController#index (for 127.0.0.1 at 2009-03-30 00:38:42) [GET]

ActionController::RoutingError (No route matches "/posts/best/daily.rss" with {:method=>:get}):
  

Rendering rescues/layout (not_found)


Processing ApplicationController#index (for 127.0.0.1 at 2009-03-30 01:08:43) [GET]

ActionController::RoutingError (No route matches "/posts/best/daily.rss" with {:method=>:get}):
  

Rendering rescues/layout (not_found)


Processing ApplicationController#index (for 127.0.0.1 at 2009-03-30 01:09:19) [GET]

ActionController::RoutingError (No route matches "/" with {:method=>:get}):
  

Rendering rescues/layout (not_found)


Processing ApplicationController#index (for 127.0.0.1 at 2009-03-30 01:10:46) [GET]

ActionController::RoutingError (No route matches "/" with {:method=>:get}):
  

Rendering rescues/layout (not_found)


Processing ApplicationController#index (for 127.0.0.1 at 2009-03-30 01:38:45) [GET]

ActionController::RoutingError (No route matches "/posts/best/daily.rss" with {:method=>:get}):
  

Rendering rescues/layout (not_found)


Processing ApplicationController#index (for 127.0.0.1 at 2009-03-30 02:08:46) [GET]

ActionController::RoutingError (No route matches "/posts/best/daily.rss" with {:method=>:get}):
  

Rendering rescues/layout (not_found)


Processing ApplicationController#index (for 127.0.0.1 at 2009-03-30 02:21:51) [GET]

ActionController::RoutingError (No route matches "/" with {:method=>:get}):
  

Rendering rescues/layout (not_found)


Processing ApplicationController#index (for 127.0.0.1 at 2009-03-30 02:23:13) [GET]

ActionController::RoutingError (No route matches "/" with {:method=>:get}):
  

Rendering rescues/layout (not_found)


Processing ChatsController#show (for 127.0.0.1 at 2009-03-30 02:31:53) [GET]
  Parameters: {"id"=>"1"}
Rendering chats/show
Completed in 52ms (View: 51, DB: 0) | 200 OK [http://igc.dev/chats/1]


Processing MessagesController#push (for 127.0.0.1 at 2009-03-30 02:31:56) [POST]
  Parameters: {"commit"=>"Say", "authenticity_token"=>"aNUVj/J8Xsym6pHY582aH3cVZ8oE1TSJALGdMky/pTw=", "chat_input"=>"asd", "channel"=>"CHANNEL_1"}
Completed in 7ms (View: 0, DB: 0) | 200 OK [http://igc.dev/push]


Processing MessagesController#push (for 127.0.0.1 at 2009-03-30 02:31:56) [POST]
  Parameters: {"commit"=>"Say", "authenticity_token"=>"aNUVj/J8Xsym6pHY582aH3cVZ8oE1TSJALGdMky/pTw=", "chat_input"=>"asd", "channel"=>"CHANNEL_1"}
Completed in 6ms (View: 0, DB: 0) | 200 OK [http://igc.dev/push]


Processing MessagesController#push (for 127.0.0.1 at 2009-03-30 02:31:58) [POST]
  Parameters: {"commit"=>"Say", "authenticity_token"=>"aNUVj/J8Xsym6pHY582aH3cVZ8oE1TSJALGdMky/pTw=", "chat_input"=>"asd", "channel"=>"CHANNEL_1"}
Completed in 6ms (View: 0, DB: 0) | 200 OK [http://igc.dev/push]


Processing MessagesController#push (for 127.0.0.1 at 2009-03-30 02:32:00) [POST]
  Parameters: {"commit"=>"Say", "authenticity_token"=>"aNUVj/J8Xsym6pHY582aH3cVZ8oE1TSJALGdMky/pTw=", "chat_input"=>"asd", "channel"=>"CHANNEL_1"}
Completed in 5ms (View: 0, DB: 0) | 200 OK [http://igc.dev/push]


Processing ApplicationController#index (for 127.0.0.1 at 2009-03-30 02:38:47) [GET]

ActionController::RoutingError (No route matches "/posts/best/daily.rss" with {:method=>:get}):
  

Rendering rescues/layout (not_found)


Processing ChatsController#show (for 127.0.0.1 at 2009-03-30 02:52:03) [GET]
  Parameters: {"id"=>"1"}
Rendering chats/show
Completed in 4ms (View: 2, DB: 0) | 200 OK [http://igc.dev/chats/1]


Processing ChatsController#show (for 127.0.0.1 at 2009-03-30 02:52:06) [GET]
  Parameters: {"id"=>"1"}
Rendering chats/show
Completed in 3ms (View: 2, DB: 0) | 200 OK [http://igc.dev/chats/1]


Processing MessagesController#push (for 127.0.0.1 at 2009-03-30 02:52:09) [POST]
  Parameters: {"commit"=>"Say", "authenticity_token"=>"aNUVj/J8Xsym6pHY582aH3cVZ8oE1TSJALGdMky/pTw=", "chat_input"=>"asd", "channel"=>"CHANNEL_1"}
Completed in 6ms (View: 0, DB: 0) | 200 OK [http://igc.dev/push]


Processing MessagesController#push (for 127.0.0.1 at 2009-03-30 02:52:12) [POST]
  Parameters: {"commit"=>"Say", "authenticity_token"=>"aNUVj/J8Xsym6pHY582aH3cVZ8oE1TSJALGdMky/pTw=", "chat_input"=>"asd", "channel"=>"CHANNEL_1"}
Completed in 5ms (View: 0, DB: 0) | 200 OK [http://igc.dev/push]


Processing MessagesController#push (for 127.0.0.1 at 2009-03-30 02:52:18) [POST]
  Parameters: {"commit"=>"Say", "authenticity_token"=>"aNUVj/J8Xsym6pHY582aH3cVZ8oE1TSJALGdMky/pTw=", "chat_input"=>"qwe", "channel"=>"CHANNEL_1"}
Completed in 7ms (View: 0, DB: 0) | 200 OK [http://igc.dev/push]


Processing MessagesController#push (for 127.0.0.1 at 2009-03-30 02:52:22) [POST]
  Parameters: {"commit"=>"Say", "authenticity_token"=>"aNUVj/J8Xsym6pHY582aH3cVZ8oE1TSJALGdMky/pTw=", "chat_input"=>"ewq", "channel"=>"CHANNEL_1"}
Completed in 7ms (View: 0, DB: 0) | 200 OK [http://igc.dev/push]


Processing MessagesController#push (for 127.0.0.1 at 2009-03-30 02:52:25) [POST]
  Parameters: {"commit"=>"Say", "authenticity_token"=>"aNUVj/J8Xsym6pHY582aH3cVZ8oE1TSJALGdMky/pTw=", "chat_input"=>"zxc", "channel"=>"CHANNEL_1"}
Completed in 6ms (View: 1, DB: 0) | 200 OK [http://igc.dev/push]


Processing ApplicationController#index (for 127.0.0.1 at 2009-03-30 03:08:55) [GET]

ActionController::RoutingError (No route matches "/posts/best/daily.rss" with {:method=>:get}):
  

Rendering rescues/layout (not_found)


Processing ChatsController#show (for 127.0.0.1 at 2009-03-30 03:16:13) [GET]
  Parameters: {"id"=>"1"}
Rendering chats/show
Completed in 68ms (View: 67 | 200 OK [http://igc.dev/chats/1]


Processing ChatsController#show (for 127.0.0.1 at 2009-03-30 03:18:15) [GET]
  Parameters: {"id"=>"1"}
Rendering chats/show
Completed in 6ms (View: 4 | 200 OK [http://igc.dev/chats/1]


Processing ChatsController#show (for 127.0.0.1 at 2009-03-30 03:21:24) [GET]
  Parameters: {"id"=>"1"}
Rendering chats/show
Completed in 8ms (View: 6 | 200 OK [http://igc.dev/chats/1]


Processing MessagesController#push (for 127.0.0.1 at 2009-03-30 03:21:26) [POST]
  Parameters: {"commit"=>"Say", "authenticity_token"=>"aNUVj/J8Xsym6pHY582aH3cVZ8oE1TSJALGdMky/pTw=", "chat_input"=>"asd", "channel"=>"CHANNEL_1"}
Completed in 90ms (View: 0 | 200 OK [http://igc.dev/push]


Processing MessagesController#push (for 127.0.0.1 at 2009-03-30 03:21:27) [POST]
  Parameters: {"commit"=>"Say", "authenticity_token"=>"aNUVj/J8Xsym6pHY582aH3cVZ8oE1TSJALGdMky/pTw=", "chat_input"=>"asd", "channel"=>"CHANNEL_1"}
Completed in 5ms (View: 0 | 200 OK [http://igc.dev/push]


Processing MessagesController#push (for 127.0.0.1 at 2009-03-30 03:21:28) [POST]
  Parameters: {"commit"=>"Say", "authenticity_token"=>"aNUVj/J8Xsym6pHY582aH3cVZ8oE1TSJALGdMky/pTw=", "chat_input"=>"asd", "channel"=>"CHANNEL_1"}
Completed in 6ms (View: 0 | 200 OK [http://igc.dev/push]


Processing MessagesController#push (for 127.0.0.1 at 2009-03-30 03:21:34) [POST]
  Parameters: {"commit"=>"Say", "authenticity_token"=>"aNUVj/J8Xsym6pHY582aH3cVZ8oE1TSJALGdMky/pTw=", "chat_input"=>"asd", "channel"=>"CHANNEL_1"}
Completed in 6ms (View: 0 | 200 OK [http://igc.dev/push]


Processing MessagesController#push (for 127.0.0.1 at 2009-03-30 03:21:37) [POST]
  Parameters: {"commit"=>"Say", "authenticity_token"=>"aNUVj/J8Xsym6pHY582aH3cVZ8oE1TSJALGdMky/pTw=", "chat_input"=>"adsaa", "channel"=>"CHANNEL_1"}
Completed in 5ms (View: 0 | 200 OK [http://igc.dev/push]


Processing ChatsController#show (for 127.0.0.1 at 2009-03-30 03:21:40) [GET]
  Parameters: {"id"=>"1"}
Rendering chats/show
Completed in 3ms (View: 2 | 200 OK [http://igc.dev/chats/1]


Processing MessagesController#push (for 127.0.0.1 at 2009-03-30 03:21:44) [POST]
  Parameters: {"commit"=>"Say", "authenticity_token"=>"aNUVj/J8Xsym6pHY582aH3cVZ8oE1TSJALGdMky/pTw=", "chat_input"=>"qwezxc", "channel"=>"CHANNEL_1"}
Completed in 9ms (View: 0 | 200 OK [http://igc.dev/push]


Processing MessagesController#push (for 127.0.0.1 at 2009-03-30 03:21:46) [POST]
  Parameters: {"commit"=>"Say", "authenticity_token"=>"aNUVj/J8Xsym6pHY582aH3cVZ8oE1TSJALGdMky/pTw=", "chat_input"=>"qwezxc", "channel"=>"CHANNEL_1"}
Completed in 5ms (View: 0 | 200 OK [http://igc.dev/push]


Processing ApplicationController#index (for 127.0.0.1 at 2009-03-30 03:23:21) [GET]

ActionController::RoutingError (No route matches "/" with {:method=>:get}):
  

Rendering rescues/layout (not_found)
